CRITICAL - 2023-05-03 13:32:57 --> Invalid file: "checkout.html"
in SYSTEMPATH/Exceptions/FrameworkException.php on line 33.
 1 SYSTEMPATH/View/View.php(201): CodeIgniter\Exceptions\FrameworkException::forInvalidFile()
 2 SYSTEMPATH/Common.php(1184): CodeIgniter\View\View->render()
 3 APPPATH/Controllers/TryStripe.php(15): view()
 4 SYSTEMPATH/CodeIgniter.php(934): App\Controllers\TryStripe->index()
 5 SYSTEMPATH/CodeIgniter.php(499): CodeIgniter\CodeIgniter->runController()
 6 SYSTEMPATH/CodeIgniter.php(368): CodeIgniter\CodeIgniter->handleRequest()
 7 FCPATH/index.php(68): CodeIgniter\CodeIgniter->run()
CRITICAL - 2023-05-03 13:34:29 --> require_once(../secrets.php): Failed to open stream: No such file or directory
in APPPATH/Controllers/checkout.php on line 13.
 1 APPPATH/Controllers/checkout.php(13): CodeIgniter\Debug\Exceptions->errorHandler()
 2 APPPATH/Controllers/checkout.php(13): require_once()
 3 SYSTEMPATH/CodeIgniter.php(934): App\Controllers\checkout->index()
 4 SYSTEMPATH/CodeIgniter.php(499): CodeIgniter\CodeIgniter->runController()
 5 SYSTEMPATH/CodeIgniter.php(368): CodeIgniter\CodeIgniter->handleRequest()
 6 FCPATH/index.php(68): CodeIgniter\CodeIgniter->run()
CRITICAL - 2023-05-03 13:34:40 --> require_once(../secrets.php): Failed to open stream: No such file or directory
in APPPATH/Controllers/checkout.php on line 13.
 1 APPPATH/Controllers/checkout.php(13): CodeIgniter\Debug\Exceptions->errorHandler()
 2 APPPATH/Controllers/checkout.php(13): require_once()
 3 SYSTEMPATH/CodeIgniter.php(934): App\Controllers\checkout->index()
 4 SYSTEMPATH/CodeIgniter.php(499): CodeIgniter\CodeIgniter->runController()
 5 SYSTEMPATH/CodeIgniter.php(368): CodeIgniter\CodeIgniter->handleRequest()
 6 FCPATH/index.php(68): CodeIgniter\CodeIgniter->run()
CRITICAL - 2023-05-03 13:36:14 --> require_once(../secrets.php): Failed to open stream: No such file or directory
in APPPATH/Controllers/checkout.php on line 13.
 1 APPPATH/Controllers/checkout.php(13): CodeIgniter\Debug\Exceptions->errorHandler()
 2 APPPATH/Controllers/checkout.php(13): require_once()
 3 SYSTEMPATH/CodeIgniter.php(934): App\Controllers\checkout->index()
 4 SYSTEMPATH/CodeIgniter.php(499): CodeIgniter\CodeIgniter->runController()
 5 SYSTEMPATH/CodeIgniter.php(368): CodeIgniter\CodeIgniter->handleRequest()
 6 FCPATH/index.php(68): CodeIgniter\CodeIgniter->run()
CRITICAL - 2023-05-03 13:36:22 --> require_once(../secrets.php): Failed to open stream: No such file or directory
in APPPATH/Controllers/checkout.php on line 13.
 1 APPPATH/Controllers/checkout.php(13): CodeIgniter\Debug\Exceptions->errorHandler()
 2 APPPATH/Controllers/checkout.php(13): require_once()
 3 SYSTEMPATH/CodeIgniter.php(934): App\Controllers\checkout->index()
 4 SYSTEMPATH/CodeIgniter.php(499): CodeIgniter\CodeIgniter->runController()
 5 SYSTEMPATH/CodeIgniter.php(368): CodeIgniter\CodeIgniter->handleRequest()
 6 FCPATH/index.php(68): CodeIgniter\CodeIgniter->run()
CRITICAL - 2023-05-03 13:39:55 --> require_once(../secrets.php): Failed to open stream: No such file or directory
in APPPATH/Controllers/checkout.php on line 13.
 1 APPPATH/Controllers/checkout.php(13): CodeIgniter\Debug\Exceptions->errorHandler()
 2 APPPATH/Controllers/checkout.php(13): require_once()
 3 SYSTEMPATH/CodeIgniter.php(934): App\Controllers\checkout->index()
 4 SYSTEMPATH/CodeIgniter.php(499): CodeIgniter\CodeIgniter->runController()
 5 SYSTEMPATH/CodeIgniter.php(368): CodeIgniter\CodeIgniter->handleRequest()
 6 FCPATH/index.php(68): CodeIgniter\CodeIgniter->run()
CRITICAL - 2023-05-03 13:39:59 --> require_once(../secrets.php): Failed to open stream: No such file or directory
in APPPATH/Controllers/checkout.php on line 13.
 1 APPPATH/Controllers/checkout.php(13): CodeIgniter\Debug\Exceptions->errorHandler()
 2 APPPATH/Controllers/checkout.php(13): require_once()
 3 SYSTEMPATH/CodeIgniter.php(934): App\Controllers\checkout->index()
 4 SYSTEMPATH/CodeIgniter.php(499): CodeIgniter\CodeIgniter->runController()
 5 SYSTEMPATH/CodeIgniter.php(368): CodeIgniter\CodeIgniter->handleRequest()
 6 FCPATH/index.php(68): CodeIgniter\CodeIgniter->run()
CRITICAL - 2023-05-03 13:40:18 --> No such price: '{{price_1N3fHcIHPf4hCKyYuE354QrL}}'
in VENDORPATH/stripe/stripe-php/lib/Exception/ApiErrorException.php on line 38.
 1 VENDORPATH/stripe/stripe-php/lib/Exception/InvalidRequestException.php(35): Stripe\Exception\ApiErrorException::factory()
 2 VENDORPATH/stripe/stripe-php/lib/ApiRequestor.php(213): Stripe\Exception\InvalidRequestException::factory()
 3 VENDORPATH/stripe/stripe-php/lib/ApiRequestor.php(175): Stripe\ApiRequestor::_specificAPIError()
 4 VENDORPATH/stripe/stripe-php/lib/ApiRequestor.php(558): Stripe\ApiRequestor->handleErrorResponse()
 5 VENDORPATH/stripe/stripe-php/lib/ApiRequestor.php(124): Stripe\ApiRequestor->_interpretResponse()
 6 VENDORPATH/stripe/stripe-php/lib/ApiOperations/Request.php(78): Stripe\ApiRequestor->request()
 7 VENDORPATH/stripe/stripe-php/lib/ApiOperations/Create.php(25): Stripe\ApiResource::_staticRequest()
 8 APPPATH/Controllers/checkout.php(23): Stripe\Checkout\Session::create()
 9 SYSTEMPATH/CodeIgniter.php(934): App\Controllers\checkout->index()
10 SYSTEMPATH/CodeIgniter.php(499): CodeIgniter\CodeIgniter->runController()
11 SYSTEMPATH/CodeIgniter.php(368): CodeIgniter\CodeIgniter->handleRequest()
12 FCPATH/index.php(68): CodeIgniter\CodeIgniter->run()
CRITICAL - 2023-05-03 13:40:42 --> No such price: '{price_1N3fHcIHPf4hCKyYuE354QrL}'
in VENDORPATH/stripe/stripe-php/lib/Exception/ApiErrorException.php on line 38.
 1 VENDORPATH/stripe/stripe-php/lib/Exception/InvalidRequestException.php(35): Stripe\Exception\ApiErrorException::factory()
 2 VENDORPATH/stripe/stripe-php/lib/ApiRequestor.php(213): Stripe\Exception\InvalidRequestException::factory()
 3 VENDORPATH/stripe/stripe-php/lib/ApiRequestor.php(175): Stripe\ApiRequestor::_specificAPIError()
 4 VENDORPATH/stripe/stripe-php/lib/ApiRequestor.php(558): Stripe\ApiRequestor->handleErrorResponse()
 5 VENDORPATH/stripe/stripe-php/lib/ApiRequestor.php(124): Stripe\ApiRequestor->_interpretResponse()
 6 VENDORPATH/stripe/stripe-php/lib/ApiOperations/Request.php(78): Stripe\ApiRequestor->request()
 7 VENDORPATH/stripe/stripe-php/lib/ApiOperations/Create.php(25): Stripe\ApiResource::_staticRequest()
 8 APPPATH/Controllers/checkout.php(23): Stripe\Checkout\Session::create()
 9 SYSTEMPATH/CodeIgniter.php(934): App\Controllers\checkout->index()
10 SYSTEMPATH/CodeIgniter.php(499): CodeIgniter\CodeIgniter->runController()
11 SYSTEMPATH/CodeIgniter.php(368): CodeIgniter\CodeIgniter->handleRequest()
12 FCPATH/index.php(68): CodeIgniter\CodeIgniter->run()
CRITICAL - 2023-05-03 13:40:54 --> You specified `payment` mode but passed a recurring price. Either switch to `subscription` mode or use only one-time prices.
in VENDORPATH/stripe/stripe-php/lib/Exception/ApiErrorException.php on line 38.
 1 VENDORPATH/stripe/stripe-php/lib/Exception/InvalidRequestException.php(35): Stripe\Exception\ApiErrorException::factory()
 2 VENDORPATH/stripe/stripe-php/lib/ApiRequestor.php(213): Stripe\Exception\InvalidRequestException::factory()
 3 VENDORPATH/stripe/stripe-php/lib/ApiRequestor.php(175): Stripe\ApiRequestor::_specificAPIError()
 4 VENDORPATH/stripe/stripe-php/lib/ApiRequestor.php(558): Stripe\ApiRequestor->handleErrorResponse()
 5 VENDORPATH/stripe/stripe-php/lib/ApiRequestor.php(124): Stripe\ApiRequestor->_interpretResponse()
 6 VENDORPATH/stripe/stripe-php/lib/ApiOperations/Request.php(78): Stripe\ApiRequestor->request()
 7 VENDORPATH/stripe/stripe-php/lib/ApiOperations/Create.php(25): Stripe\ApiResource::_staticRequest()
 8 APPPATH/Controllers/checkout.php(23): Stripe\Checkout\Session::create()
 9 SYSTEMPATH/CodeIgniter.php(934): App\Controllers\checkout->index()
10 SYSTEMPATH/CodeIgniter.php(499): CodeIgniter\CodeIgniter->runController()
11 SYSTEMPATH/CodeIgniter.php(368): CodeIgniter\CodeIgniter->handleRequest()
12 FCPATH/index.php(68): CodeIgniter\CodeIgniter->run()
CRITICAL - 2023-05-03 13:42:38 --> No such price: '{{PRICE_ID}}'
in VENDORPATH/stripe/stripe-php/lib/Exception/ApiErrorException.php on line 38.
 1 VENDORPATH/stripe/stripe-php/lib/Exception/InvalidRequestException.php(35): Stripe\Exception\ApiErrorException::factory()
 2 VENDORPATH/stripe/stripe-php/lib/ApiRequestor.php(213): Stripe\Exception\InvalidRequestException::factory()
 3 VENDORPATH/stripe/stripe-php/lib/ApiRequestor.php(175): Stripe\ApiRequestor::_specificAPIError()
 4 VENDORPATH/stripe/stripe-php/lib/ApiRequestor.php(558): Stripe\ApiRequestor->handleErrorResponse()
 5 VENDORPATH/stripe/stripe-php/lib/ApiRequestor.php(124): Stripe\ApiRequestor->_interpretResponse()
 6 VENDORPATH/stripe/stripe-php/lib/ApiOperations/Request.php(78): Stripe\ApiRequestor->request()
 7 VENDORPATH/stripe/stripe-php/lib/ApiOperations/Create.php(25): Stripe\ApiResource::_staticRequest()
 8 APPPATH/Controllers/checkout.php(23): Stripe\Checkout\Session::create()
 9 SYSTEMPATH/CodeIgniter.php(934): App\Controllers\checkout->index()
10 SYSTEMPATH/CodeIgniter.php(499): CodeIgniter\CodeIgniter->runController()
11 SYSTEMPATH/CodeIgniter.php(368): CodeIgniter\CodeIgniter->handleRequest()
12 FCPATH/index.php(68): CodeIgniter\CodeIgniter->run()
CRITICAL - 2023-05-03 23:04:03 --> You specified `payment` mode but passed a recurring price. Either switch to `subscription` mode or use only one-time prices.
in VENDORPATH/stripe/stripe-php/lib/Exception/ApiErrorException.php on line 38.
 1 VENDORPATH/stripe/stripe-php/lib/Exception/InvalidRequestException.php(35): Stripe\Exception\ApiErrorException::factory()
 2 VENDORPATH/stripe/stripe-php/lib/ApiRequestor.php(213): Stripe\Exception\InvalidRequestException::factory()
 3 VENDORPATH/stripe/stripe-php/lib/ApiRequestor.php(175): Stripe\ApiRequestor::_specificAPIError()
 4 VENDORPATH/stripe/stripe-php/lib/ApiRequestor.php(558): Stripe\ApiRequestor->handleErrorResponse()
 5 VENDORPATH/stripe/stripe-php/lib/ApiRequestor.php(124): Stripe\ApiRequestor->_interpretResponse()
 6 VENDORPATH/stripe/stripe-php/lib/ApiOperations/Request.php(78): Stripe\ApiRequestor->request()
 7 VENDORPATH/stripe/stripe-php/lib/ApiOperations/Create.php(25): Stripe\ApiResource::_staticRequest()
 8 APPPATH/Controllers/checkout.php(23): Stripe\Checkout\Session::create()
 9 SYSTEMPATH/CodeIgniter.php(934): App\Controllers\checkout->index()
10 SYSTEMPATH/CodeIgniter.php(499): CodeIgniter\CodeIgniter->runController()
11 SYSTEMPATH/CodeIgniter.php(368): CodeIgniter\CodeIgniter->handleRequest()
12 FCPATH/index.php(68): CodeIgniter\CodeIgniter->run()
CRITICAL - 2023-05-03 23:04:21 --> You specified `payment` mode but passed a recurring price. Either switch to `subscription` mode or use only one-time prices.
in VENDORPATH/stripe/stripe-php/lib/Exception/ApiErrorException.php on line 38.
 1 VENDORPATH/stripe/stripe-php/lib/Exception/InvalidRequestException.php(35): Stripe\Exception\ApiErrorException::factory()
 2 VENDORPATH/stripe/stripe-php/lib/ApiRequestor.php(213): Stripe\Exception\InvalidRequestException::factory()
 3 VENDORPATH/stripe/stripe-php/lib/ApiRequestor.php(175): Stripe\ApiRequestor::_specificAPIError()
 4 VENDORPATH/stripe/stripe-php/lib/ApiRequestor.php(558): Stripe\ApiRequestor->handleErrorResponse()
 5 VENDORPATH/stripe/stripe-php/lib/ApiRequestor.php(124): Stripe\ApiRequestor->_interpretResponse()
 6 VENDORPATH/stripe/stripe-php/lib/ApiOperations/Request.php(78): Stripe\ApiRequestor->request()
 7 VENDORPATH/stripe/stripe-php/lib/ApiOperations/Create.php(25): Stripe\ApiResource::_staticRequest()
 8 APPPATH/Controllers/checkout.php(23): Stripe\Checkout\Session::create()
 9 SYSTEMPATH/CodeIgniter.php(934): App\Controllers\checkout->index()
10 SYSTEMPATH/CodeIgniter.php(499): CodeIgniter\CodeIgniter->runController()
11 SYSTEMPATH/CodeIgniter.php(368): CodeIgniter\CodeIgniter->handleRequest()
12 FCPATH/index.php(68): CodeIgniter\CodeIgniter->run()
