CRITICAL - 2023-05-07 11:31:42 --> Undefined array key 0
in APPPATH/Models/SecretQuestions_model.php on line 15.
 1 APPPATH/Models/SecretQuestions_model.php(15): CodeIgniter\Debug\Exceptions->errorHandler()
 2 APPPATH/Controllers/Profile.php(44): App\Models\SecretQuestions_model->if_sq_set()
 3 SYSTEMPATH/CodeIgniter.php(934): App\Controllers\Profile->index()
 4 SYSTEMPATH/CodeIgniter.php(499): CodeIgniter\CodeIgniter->runController()
 5 SYSTEMPATH/CodeIgniter.php(368): CodeIgniter\CodeIgniter->handleRequest()
 6 FCPATH/index.php(68): CodeIgniter\CodeIgniter->run()
CRITICAL - 2023-05-07 12:26:40 --> strcasecmp(): Argument #1 ($string1) must be of type string, array given
in APPPATH/Controllers/CoursesList.php on line 81.
 1 APPPATH/Controllers/CoursesList.php(81): strcasecmp()
 2 [internal function]: App\Controllers\CoursesList->App\Controllers\{closure}()
 3 APPPATH/Controllers/CoursesList.php(80): usort()
 4 SYSTEMPATH/CodeIgniter.php(934): App\Controllers\CoursesList->sort_name_a_z()
 5 SYSTEMPATH/CodeIgniter.php(499): CodeIgniter\CodeIgniter->runController()
 6 SYSTEMPATH/CodeIgniter.php(368): CodeIgniter\CodeIgniter->handleRequest()
 7 FCPATH/index.php(68): CodeIgniter\CodeIgniter->run()
CRITICAL - 2023-05-07 12:27:03 --> strcasecmp(): Argument #1 ($string1) must be of type string, array given
in APPPATH/Controllers/CoursesList.php on line 81.
 1 APPPATH/Controllers/CoursesList.php(81): strcasecmp()
 2 [internal function]: App\Controllers\CoursesList->App\Controllers\{closure}()
 3 APPPATH/Controllers/CoursesList.php(80): usort()
 4 SYSTEMPATH/CodeIgniter.php(934): App\Controllers\CoursesList->sort_name_a_z()
 5 SYSTEMPATH/CodeIgniter.php(499): CodeIgniter\CodeIgniter->runController()
 6 SYSTEMPATH/CodeIgniter.php(368): CodeIgniter\CodeIgniter->handleRequest()
 7 FCPATH/index.php(68): CodeIgniter\CodeIgniter->run()
CRITICAL - 2023-05-07 12:57:39 --> Undefined variable $username
in APPPATH/Views/user_location.php on line 30.
 1 APPPATH/Views/user_location.php(30): CodeIgniter\Debug\Exceptions->errorHandler()
 2 SYSTEMPATH/View/View.php(213): include('APPPATH/Views/user_location.php')
 3 SYSTEMPATH/View/View.php(216): CodeIgniter\View\View->CodeIgniter\View\{closure}()
 4 SYSTEMPATH/Common.php(1184): CodeIgniter\View\View->render()
 5 APPPATH/Controllers/UserLocation.php(9): view()
 6 SYSTEMPATH/CodeIgniter.php(934): App\Controllers\UserLocation->index()
 7 SYSTEMPATH/CodeIgniter.php(499): CodeIgniter\CodeIgniter->runController()
 8 SYSTEMPATH/CodeIgniter.php(368): CodeIgniter\CodeIgniter->handleRequest()
 9 FCPATH/index.php(68): CodeIgniter\CodeIgniter->run()
